<?xml version="1.0" encoding="UTF-8"?>
<!-- Generated by org.testng.reporters.JUnitReportReporter -->
<testsuite hostname="DESKTOP-KBM2E74" failures="0" tests="100" name="Voting.multipleRun" time="1543.155" errors="1" timestamp="2023-08-24T20:19:17 IST" skipped="0">
  <testcase classname="Voting.multipleRun" name="testIFrameHandling" time="17.238"/>
  <testcase classname="Voting.multipleRun" name="testIFrameHandling" time="15.280"/>
  <testcase classname="Voting.multipleRun" name="testIFrameHandling" time="19.262"/>
  <testcase classname="Voting.multipleRun" name="testIFrameHandling" time="14.607"/>
  <testcase classname="Voting.multipleRun" name="testIFrameHandling" time="15.578"/>
  <testcase classname="Voting.multipleRun" name="testIFrameHandling" time="14.126"/>
  <testcase classname="Voting.multipleRun" name="testIFrameHandling" time="13.937"/>
  <testcase classname="Voting.multipleRun" name="testIFrameHandling" time="18.038"/>
  <testcase classname="Voting.multipleRun" name="testIFrameHandling" time="20.245"/>
  <testcase classname="Voting.multipleRun" name="testIFrameHandling" time="18.141"/>
  <testcase classname="Voting.multipleRun" name="testIFrameHandling" time="13.689"/>
  <testcase classname="Voting.multipleRun" name="testIFrameHandling" time="16.512"/>
  <testcase classname="Voting.multipleRun" name="testIFrameHandling" time="16.150"/>
  <testcase classname="Voting.multipleRun" name="testIFrameHandling" time="15.561"/>
  <testcase classname="Voting.multipleRun" name="testIFrameHandling" time="16.287"/>
  <testcase classname="Voting.multipleRun" name="testIFrameHandling" time="14.401"/>
  <testcase classname="Voting.multipleRun" name="testIFrameHandling" time="15.384"/>
  <testcase classname="Voting.multipleRun" name="testIFrameHandling" time="16.292"/>
  <testcase classname="Voting.multipleRun" name="testIFrameHandling" time="14.068"/>
  <testcase classname="Voting.multipleRun" name="testIFrameHandling" time="14.749"/>
  <testcase classname="Voting.multipleRun" name="testIFrameHandling" time="16.258"/>
  <testcase classname="Voting.multipleRun" name="testIFrameHandling" time="14.586"/>
  <testcase classname="Voting.multipleRun" name="testIFrameHandling" time="15.176"/>
  <testcase classname="Voting.multipleRun" name="testIFrameHandling" time="15.193"/>
  <testcase classname="Voting.multipleRun" name="testIFrameHandling" time="19.690"/>
  <testcase classname="Voting.multipleRun" name="testIFrameHandling" time="14.006"/>
  <testcase classname="Voting.multipleRun" name="testIFrameHandling" time="13.983"/>
  <testcase classname="Voting.multipleRun" name="testIFrameHandling" time="15.812"/>
  <testcase classname="Voting.multipleRun" name="testIFrameHandling" time="13.932"/>
  <testcase classname="Voting.multipleRun" name="testIFrameHandling" time="15.590"/>
  <testcase classname="Voting.multipleRun" name="testIFrameHandling" time="17.834"/>
  <testcase classname="Voting.multipleRun" name="testIFrameHandling" time="17.149"/>
  <testcase classname="Voting.multipleRun" name="testIFrameHandling" time="14.182"/>
  <testcase classname="Voting.multipleRun" name="testIFrameHandling" time="17.558"/>
  <testcase classname="Voting.multipleRun" name="testIFrameHandling" time="14.561"/>
  <testcase classname="Voting.multipleRun" name="testIFrameHandling" time="14.411"/>
  <testcase classname="Voting.multipleRun" name="testIFrameHandling" time="14.293"/>
  <testcase classname="Voting.multipleRun" name="testIFrameHandling" time="14.375"/>
  <testcase classname="Voting.multipleRun" name="testIFrameHandling" time="14.002"/>
  <testcase classname="Voting.multipleRun" name="testIFrameHandling" time="14.268"/>
  <testcase classname="Voting.multipleRun" name="testIFrameHandling" time="15.847"/>
  <testcase classname="Voting.multipleRun" name="testIFrameHandling" time="13.314"/>
  <testcase classname="Voting.multipleRun" name="testIFrameHandling" time="14.700"/>
  <testcase classname="Voting.multipleRun" name="testIFrameHandling" time="14.006"/>
  <testcase classname="Voting.multipleRun" name="testIFrameHandling" time="15.770"/>
  <testcase classname="Voting.multipleRun" name="testIFrameHandling" time="15.055"/>
  <testcase classname="Voting.multipleRun" name="testIFrameHandling" time="15.178"/>
  <testcase classname="Voting.multipleRun" name="testIFrameHandling" time="14.407"/>
  <testcase classname="Voting.multipleRun" name="testIFrameHandling" time="13.854"/>
  <testcase classname="Voting.multipleRun" name="testIFrameHandling" time="17.423"/>
  <testcase classname="Voting.multipleRun" name="testIFrameHandling" time="17.279"/>
  <testcase classname="Voting.multipleRun" name="testIFrameHandling" time="14.420"/>
  <testcase classname="Voting.multipleRun" name="testIFrameHandling" time="14.323"/>
  <testcase classname="Voting.multipleRun" name="testIFrameHandling" time="16.384"/>
  <testcase classname="Voting.multipleRun" name="testIFrameHandling" time="16.037"/>
  <testcase classname="Voting.multipleRun" name="testIFrameHandling" time="17.191"/>
  <testcase classname="Voting.multipleRun" name="testIFrameHandling" time="13.975"/>
  <testcase classname="Voting.multipleRun" name="testIFrameHandling" time="15.225"/>
  <testcase classname="Voting.multipleRun" name="testIFrameHandling" time="16.155"/>
  <testcase classname="Voting.multipleRun" name="testIFrameHandling" time="14.679"/>
  <testcase classname="Voting.multipleRun" name="testIFrameHandling" time="15.667"/>
  <testcase classname="Voting.multipleRun" name="testIFrameHandling" time="15.109"/>
  <testcase classname="Voting.multipleRun" name="testIFrameHandling" time="13.998"/>
  <testcase classname="Voting.multipleRun" name="testIFrameHandling" time="15.613"/>
  <testcase classname="Voting.multipleRun" name="testIFrameHandling" time="18.575"/>
  <testcase classname="Voting.multipleRun" name="testIFrameHandling" time="14.108"/>
  <testcase classname="Voting.multipleRun" name="testIFrameHandling" time="19.129"/>
  <testcase classname="Voting.multipleRun" name="testIFrameHandling" time="13.332"/>
  <testcase classname="Voting.multipleRun" name="testIFrameHandling" time="16.868"/>
  <testcase classname="Voting.multipleRun" name="testIFrameHandling" time="15.431"/>
  <testcase classname="Voting.multipleRun" name="testIFrameHandling" time="15.406"/>
  <testcase classname="Voting.multipleRun" name="testIFrameHandling" time="18.321"/>
  <testcase classname="Voting.multipleRun" name="testIFrameHandling" time="16.423"/>
  <testcase classname="Voting.multipleRun" name="testIFrameHandling" time="15.478"/>
  <testcase classname="Voting.multipleRun" name="testIFrameHandling" time="14.794"/>
  <testcase classname="Voting.multipleRun" name="testIFrameHandling" time="17.190"/>
  <testcase classname="Voting.multipleRun" name="testIFrameHandling" time="13.798"/>
  <testcase classname="Voting.multipleRun" name="testIFrameHandling" time="6.837">
    <error message="no such element: Unable to locate element: {&quot;method&quot;:&quot;xpath&quot;,&quot;selector&quot;:&quot;//*[@id=&quot;mG61Hd&quot;]/div[2]/div[1]/div[2]/div[2]/div/div/div[2]/div/div[1]/div/div[1]/input&quot;}
  (Session info: chrome=116.0.5845.111)
For documentation on this error, please visit: https://selenium.dev/exceptions/#no_such_element
Build info: version: &#039;4.4.0&#039;, revision: &#039;e5c75ed026a&#039;
System info: host: &#039;DESKTOP-KBM2E74&#039;, ip: &#039;192.168.20.13&#039;, os.name: &#039;Windows 10&#039;, os.arch: &#039;amd64&#039;, os.version: &#039;10.0&#039;, java.version: &#039;17.0.8&#039;
Driver info: org.openqa.selenium.chrome.ChromeDriver
Command: [5a2a8f3aefe07665e6876d77af8ee4d7, findElement {using=xpath, value=//*[@id=&quot;mG61Hd&quot;]/div[2]/div[1]/div[2]/div[2]/div/div/div[2]/div/div[1]/div/div[1]/input}]
Capabilities {acceptInsecureCerts: false, browserName: chrome, browserVersion: 116.0.5845.111, chrome: {chromedriverVersion: 116.0.5845.96 (1a3918166880..., userDataDir: C:\Users\niting\AppData\Loc...}, fedcm:accounts: true, goog:chromeOptions: {debuggerAddress: localhost:58574}, networkConnectionEnabled: false, pageLoadStrategy: normal, platformName: WINDOWS, proxy: Proxy(), se:cdp: ws://localhost:58574/devtoo..., se:cdpVersion: 116.0.5845.111, setWindowRect: true, strictFileInteractability: false, timeouts: {implicit: 0, pageLoad: 300000, script: 30000}, unhandledPromptBehavior: dismiss and notify, webauthn:extension:credBlob: true, webauthn:extension:largeBlob: true, webauthn:extension:minPinLength: true, webauthn:extension:prf: true, webauthn:virtualAuthenticators: true}
Session ID: 5a2a8f3aefe07665e6876d77af8ee4d7" type="org.openqa.selenium.NoSuchElementException">
      <![CDATA[org.openqa.selenium.NoSuchElementException: no such element: Unable to locate element: {"method":"xpath","selector":"//*[@id="mG61Hd"]/div[2]/div[1]/div[2]/div[2]/div/div/div[2]/div/div[1]/div/div[1]/input"}
  (Session info: chrome=116.0.5845.111)
For documentation on this error, please visit: https://selenium.dev/exceptions/#no_such_element
Build info: version: '4.4.0', revision: 'e5c75ed026a'
System info: host: 'DESKTOP-KBM2E74', ip: '192.168.20.13', os.name: 'Windows 10', os.arch: 'amd64', os.version: '10.0', java.version: '17.0.8'
Driver info: org.openqa.selenium.chrome.ChromeDriver
Command: [5a2a8f3aefe07665e6876d77af8ee4d7, findElement {using=xpath, value=//*[@id="mG61Hd"]/div[2]/div[1]/div[2]/div[2]/div/div/div[2]/div/div[1]/div/div[1]/input}]
Capabilities {acceptInsecureCerts: false, browserName: chrome, browserVersion: 116.0.5845.111, chrome: {chromedriverVersion: 116.0.5845.96 (1a3918166880..., userDataDir: C:\Users\niting\AppData\Loc...}, fedcm:accounts: true, goog:chromeOptions: {debuggerAddress: localhost:58574}, networkConnectionEnabled: false, pageLoadStrategy: normal, platformName: WINDOWS, proxy: Proxy(), se:cdp: ws://localhost:58574/devtoo..., se:cdpVersion: 116.0.5845.111, setWindowRect: true, strictFileInteractability: false, timeouts: {implicit: 0, pageLoad: 300000, script: 30000}, unhandledPromptBehavior: dismiss and notify, webauthn:extension:credBlob: true, webauthn:extension:largeBlob: true, webauthn:extension:minPinLength: true, webauthn:extension:prf: true, webauthn:virtualAuthenticators: true}
Session ID: 5a2a8f3aefe07665e6876d77af8ee4d7
at java.base/jdk.internal.reflect.NativeConstructorAccessorImpl.newInstance0(Native Method)
at java.base/jdk.internal.reflect.NativeConstructorAccessorImpl.newInstance(NativeConstructorAccessorImpl.java:77)
at java.base/jdk.internal.reflect.DelegatingConstructorAccessorImpl.newInstance(DelegatingConstructorAccessorImpl.java:45)
at java.base/java.lang.reflect.Constructor.newInstanceWithCaller(Constructor.java:499)
at java.base/java.lang.reflect.Constructor.newInstance(Constructor.java:480)
at org.openqa.selenium.remote.codec.w3c.W3CHttpResponseCodec.createException(W3CHttpResponseCodec.java:200)
at org.openqa.selenium.remote.codec.w3c.W3CHttpResponseCodec.decode(W3CHttpResponseCodec.java:133)
at org.openqa.selenium.remote.codec.w3c.W3CHttpResponseCodec.decode(W3CHttpResponseCodec.java:53)
at org.openqa.selenium.remote.HttpCommandExecutor.execute(HttpCommandExecutor.java:184)
at org.openqa.selenium.remote.service.DriverCommandExecutor.invokeExecute(DriverCommandExecutor.java:167)
at org.openqa.selenium.remote.service.DriverCommandExecutor.execute(DriverCommandExecutor.java:142)
at org.openqa.selenium.remote.RemoteWebDriver.execute(RemoteWebDriver.java:547)
at org.openqa.selenium.remote.ElementLocation$ElementFinder$2.findElement(ElementLocation.java:162)
at org.openqa.selenium.remote.ElementLocation.findElement(ElementLocation.java:60)
at org.openqa.selenium.remote.RemoteWebDriver.findElement(RemoteWebDriver.java:365)
at org.openqa.selenium.remote.RemoteWebDriver.findElement(RemoteWebDriver.java:357)
at Voting.multipleRun.testIFrameHandling(multipleRun.java:31)
at jdk.internal.reflect.GeneratedMethodAccessor1.invoke(Unknown Source)
at java.base/jdk.internal.reflect.DelegatingMethodAccessorImpl.invoke(DelegatingMethodAccessorImpl.java:43)
at java.base/java.lang.reflect.Method.invoke(Method.java:568)
at org.testng.internal.invokers.MethodInvocationHelper.invokeMethod(MethodInvocationHelper.java:139)
at org.testng.internal.invokers.TestInvoker.invokeMethod(TestInvoker.java:664)
at org.testng.internal.invokers.TestInvoker.invokeTestMethod(TestInvoker.java:227)
at org.testng.internal.invokers.MethodRunner.runInSequence(MethodRunner.java:50)
at org.testng.internal.invokers.TestInvoker$MethodInvocationAgent.invoke(TestInvoker.java:957)
at org.testng.internal.invokers.TestInvoker.invokeTestMethods(TestInvoker.java:200)
at org.testng.internal.invokers.TestMethodWorker.invokeTestMethods(TestMethodWorker.java:148)
at org.testng.internal.invokers.TestMethodWorker.run(TestMethodWorker.java:128)
at java.base/java.util.ArrayList.forEach(ArrayList.java:1511)
at org.testng.TestRunner.privateRun(TestRunner.java:848)
at org.testng.TestRunner.run(TestRunner.java:621)
at org.testng.SuiteRunner.runTest(SuiteRunner.java:443)
at org.testng.SuiteRunner.runSequentially(SuiteRunner.java:437)
at org.testng.SuiteRunner.privateRun(SuiteRunner.java:397)
at org.testng.SuiteRunner.run(SuiteRunner.java:336)
at org.testng.SuiteRunnerWorker.runSuite(SuiteRunnerWorker.java:52)
at org.testng.SuiteRunnerWorker.run(SuiteRunnerWorker.java:95)
at org.testng.TestNG.runSuitesSequentially(TestNG.java:1280)
at org.testng.TestNG.runSuitesLocally(TestNG.java:1200)
at org.testng.TestNG.runSuites(TestNG.java:1114)
at org.testng.TestNG.run(TestNG.java:1082)
at org.testng.remote.AbstractRemoteTestNG.run(AbstractRemoteTestNG.java:115)
at org.testng.remote.RemoteTestNG.initAndRun(RemoteTestNG.java:251)
at org.testng.remote.RemoteTestNG.main(RemoteTestNG.java:77)
]]>
    </error>
  </testcase> <!-- testIFrameHandling -->
  <testcase classname="Voting.multipleRun" name="testIFrameHandling" time="14.134"/>
  <testcase classname="Voting.multipleRun" name="testIFrameHandling" time="15.138"/>
  <testcase classname="Voting.multipleRun" name="testIFrameHandling" time="15.974"/>
  <testcase classname="Voting.multipleRun" name="testIFrameHandling" time="15.125"/>
  <testcase classname="Voting.multipleRun" name="testIFrameHandling" time="18.639"/>
  <testcase classname="Voting.multipleRun" name="testIFrameHandling" time="15.356"/>
  <testcase classname="Voting.multipleRun" name="testIFrameHandling" time="15.629"/>
  <testcase classname="Voting.multipleRun" name="testIFrameHandling" time="15.992"/>
  <testcase classname="Voting.multipleRun" name="testIFrameHandling" time="15.245"/>
  <testcase classname="Voting.multipleRun" name="testIFrameHandling" time="15.785"/>
  <testcase classname="Voting.multipleRun" name="testIFrameHandling" time="16.582"/>
  <testcase classname="Voting.multipleRun" name="testIFrameHandling" time="14.924"/>
  <testcase classname="Voting.multipleRun" name="testIFrameHandling" time="16.605"/>
  <testcase classname="Voting.multipleRun" name="testIFrameHandling" time="13.811"/>
  <testcase classname="Voting.multipleRun" name="testIFrameHandling" time="14.028"/>
  <testcase classname="Voting.multipleRun" name="testIFrameHandling" time="15.441"/>
  <testcase classname="Voting.multipleRun" name="testIFrameHandling" time="14.082"/>
  <testcase classname="Voting.multipleRun" name="testIFrameHandling" time="15.262"/>
  <testcase classname="Voting.multipleRun" name="testIFrameHandling" time="14.021"/>
  <testcase classname="Voting.multipleRun" name="testIFrameHandling" time="13.504"/>
  <testcase classname="Voting.multipleRun" name="testIFrameHandling" time="15.222"/>
  <testcase classname="Voting.multipleRun" name="testIFrameHandling" time="14.953"/>
</testsuite> <!-- Voting.multipleRun -->
